0 info it worked if it ends with ok
1 verbose cli [ 'node', '/usr/local/bin/npm', 'publish' ]
2 info using npm@1.3.5
3 info using node@v0.10.15
4 verbose publish [ '.' ]
5 verbose cache add [ '.', null ]
6 verbose cache add name=undefined spec="." args=[".",null]
7 verbose parsed url { protocol: null,
7 verbose parsed url   slashes: null,
7 verbose parsed url   auth: null,
7 verbose parsed url   host: null,
7 verbose parsed url   port: null,
7 verbose parsed url   hostname: null,
7 verbose parsed url   hash: null,
7 verbose parsed url   search: null,
7 verbose parsed url   query: null,
7 verbose parsed url   pathname: '.',
7 verbose parsed url   path: '.',
7 verbose parsed url   href: '.' }
8 silly lockFile 3a52ce78- .
9 verbose lock . /var/root/.npm/3a52ce78-.lock
10 verbose tar pack [ '/var/root/tmp/npm-4780-X7GazbVX/1390457584347-0.04699481441639364/tmp.tgz',
10 verbose tar pack   '.' ]
11 verbose tarball /var/root/tmp/npm-4780-X7GazbVX/1390457584347-0.04699481441639364/tmp.tgz
12 verbose folder .
13 info prepublish mongo-json-query@0.0.1
14 silly lockFile 1f1177db-tar tar://.
15 verbose lock tar://. /var/root/.npm/1f1177db-tar.lock
16 silly lockFile 94614c70-4347-0-04699481441639364-tmp-tgz tar:///var/root/tmp/npm-4780-X7GazbVX/1390457584347-0.04699481441639364/tmp.tgz
17 verbose lock tar:///var/root/tmp/npm-4780-X7GazbVX/1390457584347-0.04699481441639364/tmp.tgz /var/root/.npm/94614c70-4347-0-04699481441639364-tmp-tgz.lock
18 silly lockFile 1f1177db-tar tar://.
19 silly lockFile 1f1177db-tar tar://.
20 silly lockFile 94614c70-4347-0-04699481441639364-tmp-tgz tar:///var/root/tmp/npm-4780-X7GazbVX/1390457584347-0.04699481441639364/tmp.tgz
21 silly lockFile 94614c70-4347-0-04699481441639364-tmp-tgz tar:///var/root/tmp/npm-4780-X7GazbVX/1390457584347-0.04699481441639364/tmp.tgz
22 verbose tar unpack /var/root/tmp/npm-4780-X7GazbVX/1390457584347-0.04699481441639364/tmp.tgz
23 silly lockFile b6fb89c6-4347-0-04699481441639364-package tar:///var/root/tmp/npm-4780-X7GazbVX/1390457584347-0.04699481441639364/package
24 verbose lock tar:///var/root/tmp/npm-4780-X7GazbVX/1390457584347-0.04699481441639364/package /var/root/.npm/b6fb89c6-4347-0-04699481441639364-package.lock
25 silly lockFile 94614c70-4347-0-04699481441639364-tmp-tgz tar:///var/root/tmp/npm-4780-X7GazbVX/1390457584347-0.04699481441639364/tmp.tgz
26 verbose lock tar:///var/root/tmp/npm-4780-X7GazbVX/1390457584347-0.04699481441639364/tmp.tgz /var/root/.npm/94614c70-4347-0-04699481441639364-tmp-tgz.lock
27 silly gunzTarPerm modes [ '755', '644' ]
28 silly gunzTarPerm extractEntry package.json
29 silly gunzTarPerm extractEntry README.md
30 silly gunzTarPerm extractEntry LICENSE
31 silly gunzTarPerm extractEntry lib/json-query.js
32 silly lockFile b6fb89c6-4347-0-04699481441639364-package tar:///var/root/tmp/npm-4780-X7GazbVX/1390457584347-0.04699481441639364/package
33 silly lockFile b6fb89c6-4347-0-04699481441639364-package tar:///var/root/tmp/npm-4780-X7GazbVX/1390457584347-0.04699481441639364/package
34 silly lockFile 94614c70-4347-0-04699481441639364-tmp-tgz tar:///var/root/tmp/npm-4780-X7GazbVX/1390457584347-0.04699481441639364/tmp.tgz
35 silly lockFile 94614c70-4347-0-04699481441639364-tmp-tgz tar:///var/root/tmp/npm-4780-X7GazbVX/1390457584347-0.04699481441639364/tmp.tgz
36 verbose tar pack [ '/var/root/.npm/mongo-json-query/0.0.1/package.tgz',
36 verbose tar pack   '/var/root/tmp/npm-4780-X7GazbVX/1390457584347-0.04699481441639364/package' ]
37 verbose tarball /var/root/.npm/mongo-json-query/0.0.1/package.tgz
38 verbose folder /var/root/tmp/npm-4780-X7GazbVX/1390457584347-0.04699481441639364/package
39 silly lockFile b6fb89c6-4347-0-04699481441639364-package tar:///var/root/tmp/npm-4780-X7GazbVX/1390457584347-0.04699481441639364/package
40 verbose lock tar:///var/root/tmp/npm-4780-X7GazbVX/1390457584347-0.04699481441639364/package /var/root/.npm/b6fb89c6-4347-0-04699481441639364-package.lock
41 silly lockFile 8387ebeb-ngo-json-query-0-0-1-package-tgz tar:///var/root/.npm/mongo-json-query/0.0.1/package.tgz
42 verbose lock tar:///var/root/.npm/mongo-json-query/0.0.1/package.tgz /var/root/.npm/8387ebeb-ngo-json-query-0-0-1-package-tgz.lock
43 silly lockFile b6fb89c6-4347-0-04699481441639364-package tar:///var/root/tmp/npm-4780-X7GazbVX/1390457584347-0.04699481441639364/package
44 silly lockFile b6fb89c6-4347-0-04699481441639364-package tar:///var/root/tmp/npm-4780-X7GazbVX/1390457584347-0.04699481441639364/package
45 silly lockFile 8387ebeb-ngo-json-query-0-0-1-package-tgz tar:///var/root/.npm/mongo-json-query/0.0.1/package.tgz
46 silly lockFile 8387ebeb-ngo-json-query-0-0-1-package-tgz tar:///var/root/.npm/mongo-json-query/0.0.1/package.tgz
47 silly lockFile 85f677a8-m-mongo-json-query-0-0-1-package /var/root/.npm/mongo-json-query/0.0.1/package
48 verbose lock /var/root/.npm/mongo-json-query/0.0.1/package /var/root/.npm/85f677a8-m-mongo-json-query-0-0-1-package.lock
49 silly lockFile 85f677a8-m-mongo-json-query-0-0-1-package /var/root/.npm/mongo-json-query/0.0.1/package
50 silly lockFile 85f677a8-m-mongo-json-query-0-0-1-package /var/root/.npm/mongo-json-query/0.0.1/package
51 verbose tar unpack /var/root/.npm/mongo-json-query/0.0.1/package.tgz
52 silly lockFile 5d1cea37-m-mongo-json-query-0-0-1-package tar:///var/root/.npm/mongo-json-query/0.0.1/package
53 verbose lock tar:///var/root/.npm/mongo-json-query/0.0.1/package /var/root/.npm/5d1cea37-m-mongo-json-query-0-0-1-package.lock
54 silly lockFile 8387ebeb-ngo-json-query-0-0-1-package-tgz tar:///var/root/.npm/mongo-json-query/0.0.1/package.tgz
55 verbose lock tar:///var/root/.npm/mongo-json-query/0.0.1/package.tgz /var/root/.npm/8387ebeb-ngo-json-query-0-0-1-package-tgz.lock
56 silly gunzTarPerm modes [ '755', '644' ]
57 silly gunzTarPerm extractEntry package.json
58 silly gunzTarPerm extractEntry README.md
59 silly gunzTarPerm extractEntry LICENSE
60 silly gunzTarPerm extractEntry lib/json-query.js
61 silly lockFile 5d1cea37-m-mongo-json-query-0-0-1-package tar:///var/root/.npm/mongo-json-query/0.0.1/package
62 silly lockFile 5d1cea37-m-mongo-json-query-0-0-1-package tar:///var/root/.npm/mongo-json-query/0.0.1/package
63 silly lockFile 8387ebeb-ngo-json-query-0-0-1-package-tgz tar:///var/root/.npm/mongo-json-query/0.0.1/package.tgz
64 silly lockFile 8387ebeb-ngo-json-query-0-0-1-package-tgz tar:///var/root/.npm/mongo-json-query/0.0.1/package.tgz
65 verbose chmod /var/root/.npm/mongo-json-query/0.0.1/package.tgz 644
66 verbose chown /var/root/.npm/mongo-json-query/0.0.1/package.tgz [ 0, 0 ]
67 silly lockFile 3a52ce78- .
68 silly lockFile 3a52ce78- .
69 silly publish { name: 'mongo-json-query',
69 silly publish   version: '0.0.1',
69 silly publish   main: './lib/mongo-json-query.js',
69 silly publish   description: 'mongodb-like json queries against javascript objects',
69 silly publish   author: { name: 'Matt Vella', email: 'matt@mcvella.com' },
69 silly publish   homepage: 'http://mcvella.github.com/mongo-json-query/',
69 silly publish   directories: { lib: './lib' },
69 silly publish   licenses: [ 'MIT' ],
69 silly publish   dependencies: { async: '0.2.9', winston: '0.7.2', lodash: '2.4.1' },
69 silly publish   repository:
69 silly publish    { type: 'git',
69 silly publish      url: 'http://github.com/mcvella/mongo-json-query.git' },
69 silly publish   readme: 'jsonQuery\n=========\n\nnode.js library for mongodb-like queries against JSON objects.\n',
69 silly publish   readmeFilename: 'README.md',
69 silly publish   bugs: { url: 'https://github.com/mcvella/mongo-json-query/issues' },
69 silly publish   _id: 'mongo-json-query@0.0.1',
69 silly publish   dist: { shasum: '4276e2d5655cd49aef0e6aa3a93afba354390296' },
69 silly publish   _from: '.' }
70 verbose url raw mongo-json-query
71 verbose url resolving [ 'https://registry.npmjs.org/', './mongo-json-query' ]
72 verbose url resolved https://registry.npmjs.org/mongo-json-query
73 info trying registry request attempt 1 at 01:13:04
74 http PUT https://registry.npmjs.org/mongo-json-query
75 http 409 https://registry.npmjs.org/mongo-json-query
76 verbose url raw mongo-json-query
77 verbose url resolving [ 'https://registry.npmjs.org/', './mongo-json-query' ]
78 verbose url resolved https://registry.npmjs.org/mongo-json-query
79 info trying registry request attempt 1 at 01:13:04
80 http GET https://registry.npmjs.org/mongo-json-query
81 http 200 https://registry.npmjs.org/mongo-json-query
82 error publish fail Cannot publish over existing version.
82 error publish fail Update the 'version' field in package.json and try again.
82 error publish fail
82 error publish fail If the previous version was published in error, see:
82 error publish fail     npm help unpublish
82 error publish fail
82 error publish fail To automatically increment version numbers, see:
82 error publish fail     npm help version
83 error System Darwin 12.5.0
84 error command "node" "/usr/local/bin/npm" "publish"
85 error cwd /Users/mcvella/src/jsonQuery
86 error node -v v0.10.15
87 error npm -v 1.3.5
88 error code EPUBLISHCONFLICT
89 verbose exit [ 1, true ]
